This is pdfTeX, Version 3.141592653-2.6-1.40.22 (TeX Live 2022/dev/Debian) (preloaded format=pdflatex 2023.3.18)  22 MAR 2023 22:11
entering extended mode
 restricted \write18 enabled.
 %&-line parsing enabled.
**strategy-of-technology.tex
(./strategy-of-technology.tex
LaTeX2e <2021-11-15> patch level 1
L3 programming layer <2022-01-21>
(/usr/share/texlive/texmf-dist/tex/latex/base/book.cls
Document Class: book 2021/10/04 v1.4n Standard LaTeX document class
(/usr/share/texlive/texmf-dist/tex/latex/base/bk12.clo
File: bk12.clo 2021/10/04 v1.4n Standard LaTeX file (size option)
)
\c@part=\count185
\c@chapter=\count186
\c@section=\count187
\c@subsection=\count188
\c@subsubsection=\count189
\c@paragraph=\count190
\c@subparagraph=\count191
\c@figure=\count192
\c@table=\count193
\abovecaptionskip=\skip47
\belowcaptionskip=\skip48
\bibindent=\dimen138
)
(/usr/share/texlive/texmf-dist/tex/latex/adjustbox/adjustbox.sty
Package: adjustbox 2020/08/19 v1.3 Adjusting TeX boxes (trim, clip, ...)

(/usr/share/texlive/texmf-dist/tex/latex/xkeyval/xkeyval.sty
Package: xkeyval 2020/11/20 v2.8 package option processing (HA)

(/usr/share/texlive/texmf-dist/tex/generic/xkeyval/xkeyval.tex
(/usr/share/texlive/texmf-dist/tex/generic/xkeyval/xkvutils.tex
\XKV@toks=\toks16
\XKV@tempa@toks=\toks17

(/usr/share/texlive/texmf-dist/tex/generic/xkeyval/keyval.tex))
\XKV@depth=\count194
File: xkeyval.tex 2014/12/03 v2.7a key=value parser (HA)
))
(/usr/share/texlive/texmf-dist/tex/latex/adjustbox/adjcalc.sty
Package: adjcalc 2012/05/16 v1.1 Provides advanced setlength with multiple back
-ends (calc, etex, pgfmath)
)
(/usr/share/texlive/texmf-dist/tex/latex/adjustbox/trimclip.sty
Package: trimclip 2020/08/19 v1.2 Trim and clip general TeX material

(/usr/share/texlive/texmf-dist/tex/latex/graphics/graphicx.sty
Package: graphicx 2021/09/16 v1.2d Enhanced LaTeX Graphics (DPC,SPQR)

(/usr/share/texlive/texmf-dist/tex/latex/graphics/graphics.sty
Package: graphics 2021/03/04 v1.4d Standard LaTeX Graphics (DPC,SPQR)

(/usr/share/texlive/texmf-dist/tex/latex/graphics/trig.sty
Package: trig 2021/08/11 v1.11 sin cos tan (DPC)
)
(/usr/share/texlive/texmf-dist/tex/latex/graphics-cfg/graphics.cfg
File: graphics.cfg 2016/06/04 v1.11 sample graphics configuration
)
Package graphics Info: Driver file: pdftex.def on input line 107.

(/usr/share/texlive/texmf-dist/tex/latex/graphics-def/pdftex.def
File: pdftex.def 2020/10/05 v1.2a Graphics/color driver for pdftex
))
\Gin@req@height=\dimen139
\Gin@req@width=\dimen140
)
(/usr/share/texlive/texmf-dist/tex/latex/collectbox/collectbox.sty
Package: collectbox 2012/05/17 v0.4b Collect macro arguments as boxes
\collectedbox=\box50
)
\tc@llx=\dimen141
\tc@lly=\dimen142
\tc@urx=\dimen143
\tc@ury=\dimen144
Package trimclip Info: Using driver 'tc-pdftex.def'.

(/usr/share/texlive/texmf-dist/tex/latex/adjustbox/tc-pdftex.def
File: tc-pdftex.def 2019/01/04 v2.2 Clipping driver for pdftex
))
\adjbox@Width=\dimen145
\adjbox@Height=\dimen146
\adjbox@Depth=\dimen147
\adjbox@Totalheight=\dimen148
\adjbox@pwidth=\dimen149
\adjbox@pheight=\dimen150
\adjbox@pdepth=\dimen151
\adjbox@ptotalheight=\dimen152

(/usr/share/texlive/texmf-dist/tex/latex/ifoddpage/ifoddpage.sty
Package: ifoddpage 2016/04/23 v1.1 Conditionals for odd/even page detection
\c@checkoddpage=\count195
)
(/usr/share/texlive/texmf-dist/tex/latex/varwidth/varwidth.sty
Package: varwidth 2009/03/30 ver 0.92;  Variable-width minipages
\@vwid@box=\box51
\sift@deathcycles=\count196
\@vwid@loff=\dimen153
\@vwid@roff=\dimen154
))
(/usr/share/texlive/texmf-dist/tex/generic/babel/babel.sty
Package: babel 2022/01/26 3.70 The Babel package
\babel@savecnt=\count197
\U@D=\dimen155
\l@unhyphenated=\language3

(/usr/share/texlive/texmf-dist/tex/generic/babel/txtbabel.def)
\bbl@readstream=\read2
\bbl@dirlevel=\count198

(/usr/share/texlive/texmf-dist/tex/generic/babel-english/english.ldf
Language: english 2017/06/06 v3.3r English support from the babel system
Package babel Info: Hyphen rules for 'british' set to \l@english
(babel)             (\language0). Reported on input line 82.
Package babel Info: Hyphen rules for 'UKenglish' set to \l@english
(babel)             (\language0). Reported on input line 83.
Package babel Info: Hyphen rules for 'canadian' set to \l@english
(babel)             (\language0). Reported on input line 102.
Package babel Info: Hyphen rules for 'australian' set to \l@english
(babel)             (\language0). Reported on input line 105.
Package babel Info: Hyphen rules for 'newzealand' set to \l@english
(babel)             (\language0). Reported on input line 108.
))
(/usr/share/texlive/texmf-dist/tex/latex/enumitem/enumitem.sty
Package: enumitem 2019/06/20 v3.9 Customized lists
\enitkv@toks@=\toks18
\labelindent=\skip49
\enit@outerparindent=\dimen156
\enit@toks=\toks19
\enit@inbox=\box52
\enit@count@id=\count199
\enitdp@description=\count266
)
(/usr/share/texlive/texmf-dist/tex/latex/mdframed/mdframed.sty
Package: mdframed 2013/07/01 1.9b: mdframed

(/usr/share/texlive/texmf-dist/tex/latex/kvoptions/kvoptions.sty
Package: kvoptions 2020-10-07 v3.14 Key value format for package options (HO)

(/usr/share/texlive/texmf-dist/tex/generic/ltxcmds/ltxcmds.sty
Package: ltxcmds 2020-05-10 v1.25 LaTeX kernel commands for general use (HO)
)
(/usr/share/texlive/texmf-dist/tex/generic/kvsetkeys/kvsetkeys.sty
Package: kvsetkeys 2019/12/15 v1.18 Key value parser (HO)
))
(/usr/share/texlive/texmf-dist/tex/latex/l3packages/xparse/xparse.sty
(/usr/share/texlive/texmf-dist/tex/latex/l3kernel/expl3.sty
Package: expl3 2022-01-21 L3 programming layer (loader) 

(/usr/share/texlive/texmf-dist/tex/latex/l3backend/l3backend-pdftex.def
File: l3backend-pdftex.def 2022-01-12 L3 backend support: PDF output (pdfTeX)
\l__color_backend_stack_int=\count267
\l__pdf_internal_box=\box53
))
Package: xparse 2022-01-12 L3 Experimental document command parser
)
(/usr/share/texlive/texmf-dist/tex/latex/etoolbox/etoolbox.sty
Package: etoolbox 2020/10/05 v2.5k e-TeX tools for LaTeX (JAW)
\etb@tempcnta=\count268
)
(/usr/share/texlive/texmf-dist/tex/latex/zref/zref-abspage.sty
Package: zref-abspage 2020-07-03 v2.32 Module abspage for zref (HO)

(/usr/share/texlive/texmf-dist/tex/latex/zref/zref-base.sty
Package: zref-base 2020-07-03 v2.32 Module base for zref (HO)

(/usr/share/texlive/texmf-dist/tex/generic/infwarerr/infwarerr.sty
Package: infwarerr 2019/12/03 v1.5 Providing info/warning/error messages (HO)
)
(/usr/share/texlive/texmf-dist/tex/generic/kvdefinekeys/kvdefinekeys.sty
Package: kvdefinekeys 2019-12-19 v1.6 Define keys (HO)
)
(/usr/share/texlive/texmf-dist/tex/generic/pdftexcmds/pdftexcmds.sty
Package: pdftexcmds 2020-06-27 v0.33 Utility functions of pdfTeX for LuaTeX (HO
)

(/usr/share/texlive/texmf-dist/tex/generic/iftex/iftex.sty
Package: iftex 2020/03/06 v1.0d TeX engine tests
)
Package pdftexcmds Info: \pdf@primitive is available.
Package pdftexcmds Info: \pdf@ifprimitive is available.
Package pdftexcmds Info: \pdfdraftmode found.
)
(/usr/share/texlive/texmf-dist/tex/generic/etexcmds/etexcmds.sty
Package: etexcmds 2019/12/15 v1.7 Avoid name clashes with e-TeX commands (HO)
)
(/usr/share/texlive/texmf-dist/tex/latex/auxhook/auxhook.sty
Package: auxhook 2019-12-17 v1.6 Hooks for auxiliary files (HO)
)
Package zref Info: New property list: main on input line 764.
Package zref Info: New property: default on input line 765.
Package zref Info: New property: page on input line 766.
)
(/usr/share/texlive/texmf-dist/tex/latex/base/atbegshi-ltx.sty
Package: atbegshi-ltx 2021/01/10 v1.0c Emulation of the original atbegshi
package with kernel methods
)
\c@abspage=\count269
Package zref Info: New property: abspage on input line 66.
)
(/usr/share/texlive/texmf-dist/tex/latex/needspace/needspace.sty
Package: needspace 2010/09/12 v1.3d reserve vertical space
)
(/usr/share/texlive/texmf-dist/tex/latex/graphics/color.sty
Package: color 2021/12/07 v1.3c Standard LaTeX Color (DPC)

(/usr/share/texlive/texmf-dist/tex/latex/graphics-cfg/color.cfg
File: color.cfg 2016/01/02 v1.6 sample color configuration
)
Package color Info: Driver file: pdftex.def on input line 149.
)
\mdf@templength=\skip50
\c@mdf@globalstyle@cnt=\count270
\mdf@skipabove@length=\skip51
\mdf@skipbelow@length=\skip52
\mdf@leftmargin@length=\skip53
\mdf@rightmargin@length=\skip54
\mdf@innerleftmargin@length=\skip55
\mdf@innerrightmargin@length=\skip56
\mdf@innertopmargin@length=\skip57
\mdf@innerbottommargin@length=\skip58
\mdf@splittopskip@length=\skip59
\mdf@splitbottomskip@length=\skip60
\mdf@outermargin@length=\skip61
\mdf@innermargin@length=\skip62
\mdf@linewidth@length=\skip63
\mdf@innerlinewidth@length=\skip64
\mdf@middlelinewidth@length=\skip65
\mdf@outerlinewidth@length=\skip66
\mdf@roundcorner@length=\skip67
\mdf@footenotedistance@length=\skip68
\mdf@userdefinedwidth@length=\skip69
\mdf@needspace@length=\skip70
\mdf@frametitleaboveskip@length=\skip71
\mdf@frametitlebelowskip@length=\skip72
\mdf@frametitlerulewidth@length=\skip73
\mdf@frametitleleftmargin@length=\skip74
\mdf@frametitlerightmargin@length=\skip75
\mdf@shadowsize@length=\skip76
\mdf@extratopheight@length=\skip77
\mdf@subtitleabovelinewidth@length=\skip78
\mdf@subtitlebelowlinewidth@length=\skip79
\mdf@subtitleaboveskip@length=\skip80
\mdf@subtitlebelowskip@length=\skip81
\mdf@subtitleinneraboveskip@length=\skip82
\mdf@subtitleinnerbelowskip@length=\skip83
\mdf@subsubtitleabovelinewidth@length=\skip84
\mdf@subsubtitlebelowlinewidth@length=\skip85
\mdf@subsubtitleaboveskip@length=\skip86
\mdf@subsubtitlebelowskip@length=\skip87
\mdf@subsubtitleinneraboveskip@length=\skip88
\mdf@subsubtitleinnerbelowskip@length=\skip89

(/usr/share/texlive/texmf-dist/tex/latex/pgf/frontendlayer/tikz.sty
(/usr/share/texlive/texmf-dist/tex/latex/pgf/basiclayer/pgf.sty
(/usr/share/texlive/texmf-dist/tex/latex/pgf/utilities/pgfrcs.sty
(/usr/share/texlive/texmf-dist/tex/generic/pgf/utilities/pgfutil-common.tex
\pgfutil@everybye=\toks20
\pgfutil@tempdima=\dimen157
\pgfutil@tempdimb=\dimen158

(/usr/share/texlive/texmf-dist/tex/generic/pgf/utilities/pgfutil-common-lists.t
ex)) (/usr/share/texlive/texmf-dist/tex/generic/pgf/utilities/pgfutil-latex.def
\pgfutil@abb=\box54
) (/usr/share/texlive/texmf-dist/tex/generic/pgf/utilities/pgfrcs.code.tex
(/usr/share/texlive/texmf-dist/tex/generic/pgf/pgf.revision.tex)
Package: pgfrcs 2021/05/15 v3.1.9a (3.1.9a)
))
Package: pgf 2021/05/15 v3.1.9a (3.1.9a)

(/usr/share/texlive/texmf-dist/tex/latex/pgf/basiclayer/pgfcore.sty
(/usr/share/texlive/texmf-dist/tex/latex/pgf/systemlayer/pgfsys.sty
(/usr/share/texlive/texmf-dist/tex/generic/pgf/systemlayer/pgfsys.code.tex
Package: pgfsys 2021/05/15 v3.1.9a (3.1.9a)

(/usr/share/texlive/texmf-dist/tex/generic/pgf/utilities/pgfkeys.code.tex
\pgfkeys@pathtoks=\toks21
\pgfkeys@temptoks=\toks22

(/usr/share/texlive/texmf-dist/tex/generic/pgf/utilities/pgfkeysfiltered.code.t
ex
\pgfkeys@tmptoks=\toks23
))
\pgf@x=\dimen159
\pgf@y=\dimen160
\pgf@xa=\dimen161
\pgf@ya=\dimen162
\pgf@xb=\dimen163
\pgf@yb=\dimen164
\pgf@xc=\dimen165
\pgf@yc=\dimen166
\pgf@xd=\dimen167
\pgf@yd=\dimen168
\w@pgf@writea=\write3
\r@pgf@reada=\read3
\c@pgf@counta=\count271
\c@pgf@countb=\count272
\c@pgf@countc=\count273
\c@pgf@countd=\count274
\t@pgf@toka=\toks24
\t@pgf@tokb=\toks25
\t@pgf@tokc=\toks26
\pgf@sys@id@count=\count275
 (/usr/share/texlive/texmf-dist/tex/generic/pgf/systemlayer/pgf.cfg
File: pgf.cfg 2021/05/15 v3.1.9a (3.1.9a)
)
Driver file for pgf: pgfsys-pdftex.def

(/usr/share/texlive/texmf-dist/tex/generic/pgf/systemlayer/pgfsys-pdftex.def
File: pgfsys-pdftex.def 2021/05/15 v3.1.9a (3.1.9a)

(/usr/share/texlive/texmf-dist/tex/generic/pgf/systemlayer/pgfsys-common-pdf.de
f
File: pgfsys-common-pdf.def 2021/05/15 v3.1.9a (3.1.9a)
)))
(/usr/share/texlive/texmf-dist/tex/generic/pgf/systemlayer/pgfsyssoftpath.code.
tex
File: pgfsyssoftpath.code.tex 2021/05/15 v3.1.9a (3.1.9a)
\pgfsyssoftpath@smallbuffer@items=\count276
\pgfsyssoftpath@bigbuffer@items=\count277
)
(/usr/share/texlive/texmf-dist/tex/generic/pgf/systemlayer/pgfsysprotocol.code.
tex
File: pgfsysprotocol.code.tex 2021/05/15 v3.1.9a (3.1.9a)
)) (/usr/share/texlive/texmf-dist/tex/latex/xcolor/xcolor.sty
Package: xcolor 2021/10/31 v2.13 LaTeX color extensions (UK)

(/usr/share/texlive/texmf-dist/tex/latex/graphics-cfg/color.cfg
File: color.cfg 2016/01/02 v1.6 sample color configuration
)
Package xcolor Info: Driver file: pdftex.def on input line 227.
LaTeX Info: Redefining \color on input line 711.
Package xcolor Info: Model `cmy' substituted by `cmy0' on input line 1352.
Package xcolor Info: Model `hsb' substituted by `rgb' on input line 1356.
Package xcolor Info: Model `RGB' extended on input line 1368.
Package xcolor Info: Model `HTML' substituted by `rgb' on input line 1370.
Package xcolor Info: Model `Hsb' substituted by `hsb' on input line 1371.
Package xcolor Info: Model `tHsb' substituted by `hsb' on input line 1372.
Package xcolor Info: Model `HSB' substituted by `hsb' on input line 1373.
Package xcolor Info: Model `Gray' substituted by `gray' on input line 1374.
Package xcolor Info: Model `wave' substituted by `hsb' on input line 1375.
)
(/usr/share/texlive/texmf-dist/tex/generic/pgf/basiclayer/pgfcore.code.tex
Package: pgfcore 2021/05/15 v3.1.9a (3.1.9a)

(/usr/share/texlive/texmf-dist/tex/generic/pgf/math/pgfmath.code.tex
(/usr/share/texlive/texmf-dist/tex/generic/pgf/math/pgfmathcalc.code.tex
(/usr/share/texlive/texmf-dist/tex/generic/pgf/math/pgfmathutil.code.tex)
(/usr/share/texlive/texmf-dist/tex/generic/pgf/math/pgfmathparser.code.tex
\pgfmath@dimen=\dimen169
\pgfmath@count=\count278
\pgfmath@box=\box55
\pgfmath@toks=\toks27
\pgfmath@stack@operand=\toks28
\pgfmath@stack@operation=\toks29
)
(/usr/share/texlive/texmf-dist/tex/generic/pgf/math/pgfmathfunctions.code.tex
(/usr/share/texlive/texmf-dist/tex/generic/pgf/math/pgfmathfunctions.basic.code
.tex)
(/usr/share/texlive/texmf-dist/tex/generic/pgf/math/pgfmathfunctions.trigonomet
ric.code.tex)
(/usr/share/texlive/texmf-dist/tex/generic/pgf/math/pgfmathfunctions.random.cod
e.tex)
(/usr/share/texlive/texmf-dist/tex/generic/pgf/math/pgfmathfunctions.comparison
.code.tex)
(/usr/share/texlive/texmf-dist/tex/generic/pgf/math/pgfmathfunctions.base.code.
tex)
(/usr/share/texlive/texmf-dist/tex/generic/pgf/math/pgfmathfunctions.round.code
.tex)
(/usr/share/texlive/texmf-dist/tex/generic/pgf/math/pgfmathfunctions.misc.code.
tex)
(/usr/share/texlive/texmf-dist/tex/generic/pgf/math/pgfmathfunctions.integerari
thmetics.code.tex)))
(/usr/share/texlive/texmf-dist/tex/generic/pgf/math/pgfmathfloat.code.tex
\c@pgfmathroundto@lastzeros=\count279
))
(/usr/share/texlive/texmf-dist/tex/generic/pgf/math/pgfint.code.tex)
(/usr/share/texlive/texmf-dist/tex/generic/pgf/basiclayer/pgfcorepoints.code.te
x
File: pgfcorepoints.code.tex 2021/05/15 v3.1.9a (3.1.9a)
\pgf@picminx=\dimen170
\pgf@picmaxx=\dimen171
\pgf@picminy=\dimen172
\pgf@picmaxy=\dimen173
\pgf@pathminx=\dimen174
\pgf@pathmaxx=\dimen175
\pgf@pathminy=\dimen176
\pgf@pathmaxy=\dimen177
\pgf@xx=\dimen178
\pgf@xy=\dimen179
\pgf@yx=\dimen180
\pgf@yy=\dimen181
\pgf@zx=\dimen182
\pgf@zy=\dimen183
)
(/usr/share/texlive/texmf-dist/tex/generic/pgf/basiclayer/pgfcorepathconstruct.
code.tex
File: pgfcorepathconstruct.code.tex 2021/05/15 v3.1.9a (3.1.9a)
\pgf@path@lastx=\dimen184
\pgf@path@lasty=\dimen185
)
(/usr/share/texlive/texmf-dist/tex/generic/pgf/basiclayer/pgfcorepathusage.code
.tex
File: pgfcorepathusage.code.tex 2021/05/15 v3.1.9a (3.1.9a)
\pgf@shorten@end@additional=\dimen186
\pgf@shorten@start@additional=\dimen187
)
(/usr/share/texlive/texmf-dist/tex/generic/pgf/basiclayer/pgfcorescopes.code.te
x
File: pgfcorescopes.code.tex 2021/05/15 v3.1.9a (3.1.9a)
\pgfpic=\box56
\pgf@hbox=\box57
\pgf@layerbox@main=\box58
\pgf@picture@serial@count=\count280
)
(/usr/share/texlive/texmf-dist/tex/generic/pgf/basiclayer/pgfcoregraphicstate.c
ode.tex
File: pgfcoregraphicstate.code.tex 2021/05/15 v3.1.9a (3.1.9a)
\pgflinewidth=\dimen188
)
(/usr/share/texlive/texmf-dist/tex/generic/pgf/basiclayer/pgfcoretransformation
s.code.tex
File: pgfcoretransformations.code.tex 2021/05/15 v3.1.9a (3.1.9a)
\pgf@pt@x=\dimen189
\pgf@pt@y=\dimen190
\pgf@pt@temp=\dimen191
)
(/usr/share/texlive/texmf-dist/tex/generic/pgf/basiclayer/pgfcorequick.code.tex
File: pgfcorequick.code.tex 2021/05/15 v3.1.9a (3.1.9a)
)
(/usr/share/texlive/texmf-dist/tex/generic/pgf/basiclayer/pgfcoreobjects.code.t
ex
File: pgfcoreobjects.code.tex 2021/05/15 v3.1.9a (3.1.9a)
)
(/usr/share/texlive/texmf-dist/tex/generic/pgf/basiclayer/pgfcorepathprocessing
.code.tex
File: pgfcorepathprocessing.code.tex 2021/05/15 v3.1.9a (3.1.9a)
)
(/usr/share/texlive/texmf-dist/tex/generic/pgf/basiclayer/pgfcorearrows.code.te
x
File: pgfcorearrows.code.tex 2021/05/15 v3.1.9a (3.1.9a)
\pgfarrowsep=\dimen192
)
(/usr/share/texlive/texmf-dist/tex/generic/pgf/basiclayer/pgfcoreshade.code.tex
File: pgfcoreshade.code.tex 2021/05/15 v3.1.9a (3.1.9a)
\pgf@max=\dimen193
\pgf@sys@shading@range@num=\count281
\pgf@shadingcount=\count282
)
(/usr/share/texlive/texmf-dist/tex/generic/pgf/basiclayer/pgfcoreimage.code.tex
File: pgfcoreimage.code.tex 2021/05/15 v3.1.9a (3.1.9a)

(/usr/share/texlive/texmf-dist/tex/generic/pgf/basiclayer/pgfcoreexternal.code.
tex
File: pgfcoreexternal.code.tex 2021/05/15 v3.1.9a (3.1.9a)
\pgfexternal@startupbox=\box59
))
(/usr/share/texlive/texmf-dist/tex/generic/pgf/basiclayer/pgfcorelayers.code.te
x
File: pgfcorelayers.code.tex 2021/05/15 v3.1.9a (3.1.9a)
)
(/usr/share/texlive/texmf-dist/tex/generic/pgf/basiclayer/pgfcoretransparency.c
ode.tex
File: pgfcoretransparency.code.tex 2021/05/15 v3.1.9a (3.1.9a)
)
(/usr/share/texlive/texmf-dist/tex/generic/pgf/basiclayer/pgfcorepatterns.code.
tex
File: pgfcorepatterns.code.tex 2021/05/15 v3.1.9a (3.1.9a)
)
(/usr/share/texlive/texmf-dist/tex/generic/pgf/basiclayer/pgfcorerdf.code.tex
File: pgfcorerdf.code.tex 2021/05/15 v3.1.9a (3.1.9a)
)))
(/usr/share/texlive/texmf-dist/tex/generic/pgf/modules/pgfmoduleshapes.code.tex
File: pgfmoduleshapes.code.tex 2021/05/15 v3.1.9a (3.1.9a)
\pgfnodeparttextbox=\box60
) (/usr/share/texlive/texmf-dist/tex/generic/pgf/modules/pgfmoduleplot.code.tex
File: pgfmoduleplot.code.tex 2021/05/15 v3.1.9a (3.1.9a)
)
(/usr/share/texlive/texmf-dist/tex/latex/pgf/compatibility/pgfcomp-version-0-65
.sty
Package: pgfcomp-version-0-65 2021/05/15 v3.1.9a (3.1.9a)
\pgf@nodesepstart=\dimen194
\pgf@nodesepend=\dimen195
)
(/usr/share/texlive/texmf-dist/tex/latex/pgf/compatibility/pgfcomp-version-1-18
.sty
Package: pgfcomp-version-1-18 2021/05/15 v3.1.9a (3.1.9a)
)) (/usr/share/texlive/texmf-dist/tex/latex/pgf/utilities/pgffor.sty
(/usr/share/texlive/texmf-dist/tex/latex/pgf/utilities/pgfkeys.sty
(/usr/share/texlive/texmf-dist/tex/generic/pgf/utilities/pgfkeys.code.tex))
(/usr/share/texlive/texmf-dist/tex/latex/pgf/math/pgfmath.sty
(/usr/share/texlive/texmf-dist/tex/generic/pgf/math/pgfmath.code.tex))
(/usr/share/texlive/texmf-dist/tex/generic/pgf/utilities/pgffor.code.tex
Package: pgffor 2021/05/15 v3.1.9a (3.1.9a)

(/usr/share/texlive/texmf-dist/tex/generic/pgf/math/pgfmath.code.tex)
\pgffor@iter=\dimen196
\pgffor@skip=\dimen197
\pgffor@stack=\toks30
\pgffor@toks=\toks31
))
(/usr/share/texlive/texmf-dist/tex/generic/pgf/frontendlayer/tikz/tikz.code.tex
Package: tikz 2021/05/15 v3.1.9a (3.1.9a)

(/usr/share/texlive/texmf-dist/tex/generic/pgf/libraries/pgflibraryplothandlers
.code.tex
File: pgflibraryplothandlers.code.tex 2021/05/15 v3.1.9a (3.1.9a)
\pgf@plot@mark@count=\count283
\pgfplotmarksize=\dimen198
)
\tikz@lastx=\dimen199
\tikz@lasty=\dimen256
\tikz@lastxsaved=\dimen257
\tikz@lastysaved=\dimen258
\tikz@lastmovetox=\dimen259
\tikz@lastmovetoy=\dimen260
\tikzleveldistance=\dimen261
\tikzsiblingdistance=\dimen262
\tikz@figbox=\box61
\tikz@figbox@bg=\box62
\tikz@tempbox=\box63
\tikz@tempbox@bg=\box64
\tikztreelevel=\count284
\tikznumberofchildren=\count285
\tikznumberofcurrentchild=\count286
\tikz@fig@count=\count287

(/usr/share/texlive/texmf-dist/tex/generic/pgf/modules/pgfmodulematrix.code.tex
File: pgfmodulematrix.code.tex 2021/05/15 v3.1.9a (3.1.9a)
\pgfmatrixcurrentrow=\count288
\pgfmatrixcurrentcolumn=\count289
\pgf@matrix@numberofcolumns=\count290
)
\tikz@expandcount=\count291

(/usr/share/texlive/texmf-dist/tex/generic/pgf/frontendlayer/tikz/libraries/tik
zlibrarytopaths.code.tex
File: tikzlibrarytopaths.code.tex 2021/05/15 v3.1.9a (3.1.9a)
)))
(/usr/share/texlive/texmf-dist/tex/latex/mdframed/md-frame-1.mdf
File: md-frame-1.mdf 2013/07/01\ 1.9b: md-frame-1
)
\mdf@frametitlebox=\box65
\mdf@footnotebox=\box66
\mdf@splitbox@one=\box67
\mdf@splitbox@two=\box68
\mdf@splitbox@save=\box69
\mdfsplitboxwidth=\skip90
\mdfsplitboxtotalwidth=\skip91
\mdfsplitboxheight=\skip92
\mdfsplitboxdepth=\skip93
\mdfsplitboxtotalheight=\skip94
\mdfframetitleboxwidth=\skip95
\mdfframetitleboxtotalwidth=\skip96
\mdfframetitleboxheight=\skip97
\mdfframetitleboxdepth=\skip98
\mdfframetitleboxtotalheight=\skip99
\mdffootnoteboxwidth=\skip100
\mdffootnoteboxtotalwidth=\skip101
\mdffootnoteboxheight=\skip102
\mdffootnoteboxdepth=\skip103
\mdffootnoteboxtotalheight=\skip104
\mdftotallinewidth=\skip105
\mdfboundingboxwidth=\skip106
\mdfboundingboxtotalwidth=\skip107
\mdfboundingboxheight=\skip108
\mdfboundingboxdepth=\skip109
\mdfboundingboxtotalheight=\skip110
\mdf@freevspace@length=\skip111
\mdf@horizontalwidthofbox@length=\skip112
\mdf@verticalmarginwhole@length=\skip113
\mdf@horizontalspaceofbox=\skip114
\mdfsubtitleheight=\skip115
\mdfsubsubtitleheight=\skip116
\c@mdfcountframes=\count292

****** mdframed patching \endmdf@trivlist

****** -- success******

\mdf@envdepth=\count293
\c@mdf@env@i=\count294
\c@mdf@env@ii=\count295
\c@mdf@zref@counter=\count296
Package zref Info: New property: mdf@pagevalue on input line 895.
)
(/usr/share/texlive/texmf-dist/tex/latex/footmisc/footmisc.sty
Package: footmisc 2011/06/06 v5.5b a miscellany of footnote facilities
\FN@temptoken=\toks32
\footnotemargin=\dimen263
\c@pp@next@reset=\count297
Package footmisc Info: Declaring symbol style bringhurst on input line 855.
Package footmisc Info: Declaring symbol style chicago on input line 863.
Package footmisc Info: Declaring symbol style wiley on input line 872.
Package footmisc Info: Declaring symbol style lamport-robust on input line 883.

Package footmisc Info: Declaring symbol style lamport* on input line 903.
Package footmisc Info: Declaring symbol style lamport*-robust on input line 924
.
)
(/usr/share/texlive/texmf-dist/tex/latex/graphics/rotating.sty
Package: rotating 2016/08/11 v2.16d rotated objects in LaTeX

(/usr/share/texlive/texmf-dist/tex/latex/base/ifthen.sty
Package: ifthen 2020/11/24 v1.1c Standard LaTeX ifthen package (DPC)
)
\c@r@tfl@t=\count298
\rotFPtop=\skip117
\rotFPbot=\skip118
\rot@float@box=\box70
\rot@mess@toks=\toks33
)
(/usr/share/texlive/texmf-dist/tex/latex/tabularray/tabularray.sty
Package: tabularray 2021-12-01 v2021Q Typeset tabulars and arrays with LaTeX3
\l__tblr_a_int=\count299
\l__tblr_c_int=\count300
\l__tblr_r_int=\count301
\l__tblr_d_dim=\dimen264
\l__tblr_h_dim=\dimen265
\l__tblr_o_dim=\dimen266
\l__tblr_p_dim=\dimen267
\l__tblr_q_dim=\dimen268
\l__tblr_r_dim=\dimen269
\l__tblr_s_dim=\dimen270
\l__tblr_t_dim=\dimen271
\l__tblr_v_dim=\dimen272
\l__tblr_w_dim=\dimen273
\l__tblr_a_box=\box71
\l__tblr_b_box=\box72
\l__tblr_c_box=\box73
\l__tblr_d_box=\box74
\g__tblr_table_count_int=\count302
\c@rownum=\count303
\c@colnum=\count304
\c@rowcount=\count305
\c@colcount=\count306
\abovesep=\dimen274
\belowsep=\dimen275
\leftsep=\dimen276
\rightsep=\dimen277
\g_tblr_level_int=\count307
\g__tblr_data_row_key_count_int=\count308
\g__tblr_data_column_key_count_int=\count309
\g__tblr_data_cell_key_count_int=\count310
\g__tblr_array_int=\count311
\l__tblr_key_count_int=\count312
\l__tblr_key_quotient_int=\count313
\l__tblr_key_quotient_two_int=\count314
\l__tblr_key_remainder_int=\count315
\g__tblr_data_str_value_count_int=\count316
\rulewidth=\dimen278
\l__multicolumn_cell_number_int=\count317
\l__tblr_strut_ht_box=\box75
\l__tblr_strut_dp_box=\box76
\g__tblr_cell_wd_dim=\dimen279
\g__tblr_cell_ht_dim=\dimen280
\g__tblr_cell_head_dim=\dimen281
\g__tblr_cell_foot_dim=\dimen282
\l__column_target_dim=\dimen283
\l__tblr_caption_box=\box77
\l__tblr_caption_left_box=\box78
\l__tblr_row_head_box=\box79
\l__tblr_row_foot_box=\box80
\l__tblr_row_head_foot_dim=\dimen284
\tablewidth=\dimen285
\l__tblr_table_firsthead_box=\box81
\l__tblr_table_middlehead_box=\box82
\l__tblr_table_lasthead_box=\box83
\l__tblr_table_firstfoot_box=\box84
\l__tblr_table_middlefoot_box=\box85
\l__tblr_table_lastfoot_box=\box86
\l__tblr_remain_height_dim=\dimen286
\l__tblr_long_from_int=\count318
\l__tblr_long_to_int=\count319
\l__tblr_curr_i_int=\count320
\l__tblr_prev_i_int=\count321
\l__tblr_table_page_int=\count322
\l__tblr_table_head_box=\box87
\l__tblr_table_foot_box=\box88
\l__tblr_table_head_foot_dim=\dimen287
\l__tblr_table_head_body_foot_dim=\dimen288
\l__tblr_table_box=\box89
\l__tblr_table_hlines_box=\box90
\l__tblr_hline_box=\box91
\l__tblr_row_box=\box92
\l__tblr_col_o_wd_dim=\dimen289
\l__tblr_col_b_wd_dim=\dimen290
\l__tblr_hline_leftskip_dim=\dimen291
\l__tblr_hline_rightskip_dim=\dimen292
\l__tblr_row_ht_dim=\dimen293
\l__tblr_row_dp_dim=\dimen294
\l__tblr_row_abovesep_dim=\dimen295
\l__tblr_row_belowsep_dim=\dimen296
\l__tblr_row_vlines_box=\box93
\l__tblr_vline_box=\box94
\l__tblr_cell_box=\box95
\l__row_upper_dim=\dimen297
\l__row_lower_dim=\dimen298
\l__row_vpace_dim=\dimen299
\l__tblr_vline_aboveskip_dim=\dimen300
\l__tblr_vline_belowskip_dim=\dimen301
\l__tblr_cell_wd_dim=\dimen302
\l__tblr_cell_ht_dim=\dimen303
\l__tblr_diag_box=\box96
)
(./strategy-of-technology.aux (./chapters/preface.aux)
(./chapters/chapter-1.aux) (./chapters/chapter-2.aux) (./chapters/chapter-3.aux
) (./chapters/chapter-4.aux) (./chapters/chapter-5.aux)
(./chapters/chapter-6.aux) (./chapters/chapter-7.aux) (./chapters/chapter-8.aux
) (./chapters/chapter-9.aux))
\openout1 = `strategy-of-technology.aux'.

LaTeX Font Info:    Checking defaults for OML/cmm/m/it on input line 26.
LaTeX Font Info:    ... okay on input line 26.
LaTeX Font Info:    Checking defaults for OMS/cmsy/m/n on input line 26.
LaTeX Font Info:    ... okay on input line 26.
LaTeX Font Info:    Checking defaults for OT1/cmr/m/n on input line 26.
LaTeX Font Info:    ... okay on input line 26.
LaTeX Font Info:    Checking defaults for T1/cmr/m/n on input line 26.
LaTeX Font Info:    ... okay on input line 26.
LaTeX Font Info:    Checking defaults for TS1/cmr/m/n on input line 26.
LaTeX Font Info:    ... okay on input line 26.
LaTeX Font Info:    Checking defaults for OMX/cmex/m/n on input line 26.
LaTeX Font Info:    ... okay on input line 26.
LaTeX Font Info:    Checking defaults for U/cmr/m/n on input line 26.
LaTeX Font Info:    ... okay on input line 26.

(/usr/share/texlive/texmf-dist/tex/context/base/mkii/supp-pdf.mkii
[Loading MPS to PDF converter (version 2006.09.02).]
\scratchcounter=\count323
\scratchdimen=\dimen304
\scratchbox=\box97
\nofMPsegments=\count324
\nofMParguments=\count325
\everyMPshowfont=\toks34
\MPscratchCnt=\count326
\MPscratchDim=\dimen305
\MPnumerator=\count327
\makeMPintoPDFobject=\count328
\everyMPtoPDFconversion=\toks35
) (/usr/share/texlive/texmf-dist/tex/latex/epstopdf-pkg/epstopdf-base.sty
Package: epstopdf-base 2020-01-24 v2.11 Base part for package epstopdf
Package epstopdf-base Info: Redefining graphics rule for `.eps' on input line 4
85.

(/usr/share/texlive/texmf-dist/tex/latex/latexconfig/epstopdf-sys.cfg
File: epstopdf-sys.cfg 2010/07/13 v1.3 Configuration of (r)epstopdf for TeX Liv
e
))
(/usr/share/texlive/texmf-dist/tex/latex/ninecolors/ninecolors.sty
Package: ninecolors 2021/05/24 v2021C Select colors with proper color contrast
)
LaTeX Font Info:    External font `cmex10' loaded for size
(Font)              <14.4> on input line 28.
LaTeX Font Info:    External font `cmex10' loaded for size
(Font)              <7> on input line 28.
 [1



{/var/lib/texmf/fonts/map/pdftex/updmap/pdftex.map}] [2

] (./strategy-of-technology.toc
LaTeX Font Info:    External font `cmex10' loaded for size
(Font)              <12> on input line 3.
LaTeX Font Info:    External font `cmex10' loaded for size
(Font)              <8> on input line 3.
LaTeX Font Info:    External font `cmex10' loaded for size
(Font)              <6> on input line 3.

[3] [4] [5] [6])
\tf@toc=\write4
\openout4 = `strategy-of-technology.toc'.

 [7]
\openout2 = `chapters/preface.aux'.

 (./chapters/preface.tex [8


] [9] [10]
Package mdframed Info: mdframed works in twoside mode on input line 40.

Underfull \vbox (badness 2269) has occurred while \output is active []

 [11]
[12]
Overfull \hbox (1.33205pt too wide) in paragraph at lines 65--66
[]\OT1/cmr/m/n/12 Most of the ex-am-ples in this book were cho-sen for their im
-pact on thoughts
 []

[13]
Overfull \hbox (7.30038pt too wide) in paragraph at lines 83--84
[]\OT1/cmr/m/n/12 STRATEGY OF TECH-NOL-OGY was a text-book in the Ser-vice Acad
emies
 []

) [14]
\openout2 = `chapters/chapter-1.aux'.

 (./chapters/chapter-1.tex
Chapter 1.
[1





]
LaTeX Font Info:    External font `cmex10' loaded for size
(Font)              <5> on input line 17.
 [2] [3]
Package mdframed Info: mdframed works in twoside mode on input line 41.
 [4] [5] [6] [7] [8]
Package mdframed Info: mdframed works in twoside mode on input line 97.
 [9]
Package mdframed Info: mdframed works in twoside mode on input line 123.
Package mdframed Info: mdframed works in twoside mode on input line 129.
 [10]
Package mdframed Info: Not enough space on this page on input line 131.
 [11] [12] [13]
<./images//./fig-1.jpg, id=101, 481.04718pt x 295.1025pt>
File: ./images//./fig-1.jpg Graphic file (type jpg)
<use ./images//./fig-1.jpg>
Package pdftex.def Info: ./images//./fig-1.jpg  used on input line 167.
(pdftex.def)             Requested size: 390.00575pt x 239.25233pt.
 [14] [15 <./images//./fig-1.jpg>] [16] [17] [18] [19]
Underfull \vbox (badness 10000) has occurred while \output is active []

 [20]
[21] [22] [23]
Package mdframed Info: mdframed works in twoside mode on input line 286.
 [24]
Package mdframed Info: mdframed works in twoside mode on input line 295.
 [25]) [26] [27]
\openout2 = `chapters/chapter-2.aux'.

 (./chapters/chapter-2.tex [28




]
Chapter 2.
[29] [30] [31]
Package mdframed Info: mdframed works in twoside mode on input line 59.
 [32]
Package mdframed Info: mdframed works in twoside mode on input line 73.
 [33] [34] [35] [36] [37] [38] [39] [40]
Overfull \hbox (2.41182pt too wide) in paragraph at lines 194--194
[]\OT1/cmr/bx/n/17.28 The Present As-sump-tions Gov-ern-ing U.S.
 []

[41]
Package mdframed Info: mdframed works in twoside mode on input line 210.

Underfull \vbox (badness 10000) has occurred while \output is active []

 [42]
Overfull \vbox (2.23306pt too high) has occurred while \output is active []


Overfull \hbox (17.2917pt too wide) has occurred while \output is active
\OT1/cmr/m/sl/12 2.8.  ASSUMPTIONS GOVERNING U.S. CONDUCT OF THE TECH. WAR \OT1
/cmr/m/n/12 43
 []

[43] [44]
Package mdframed Info: mdframed works in twoside mode on input line 249.
 [45]
Package mdframed Info: mdframed works in twoside mode on input line 267.
 [46] [47]
LaTeX Font Info:    External font `cmex10' loaded for size
(Font)              <17.28> on input line 295.
 [48]
Overfull \hbox (0.55289pt too wide) in paragraph at lines 299--300
[]\OT1/cmr/m/n/12 Surprise may be achieved through the sud-den un-veil-ing of a
 se-cret weapon.
 []

[49]
Overfull \hbox (20.87584pt too wide) in paragraph at lines 311--311
[]\OT1/cmr/bx/n/17.28 Science Is No Sub-sti-tute for Mil-i-tary Judg-
 []


Overfull \hbox (6.99792pt too wide) in paragraph at lines 315--315
[]\OT1/cmr/bx/n/17.28 Systems Anal-y-sis and Mil-i-tary De-ci-sions:
 []

[50] [51] [52]
Underfull \vbox (badness 10000) has occurred while \output is active []

 [53]
[54]
Package mdframed Info: mdframed works in twoside mode on input line 366.

Underfull \vbox (badness 10000) has occurred while \output is active []

 [55]
[56] [57] [58] [59]
Package mdframed Info: mdframed works in twoside mode on input line 411.
 [60] [61] [62] [63] [64] [65] [66] [67]) [68]
\openout2 = `chapters/chapter-3.aux'.


(./chapters/chapter-3.tex
Chapter 3.
Package mdframed Info: mdframed works in twoside mode on input line 7.
Package mdframed Info: mdframed works in twoside mode on input line 21.
[69




]
Package mdframed Info: mdframed works in twoside mode on input line 34.
 [70]
Package mdframed Info: mdframed works in twoside mode on input line 48.
 [71] [72] [73] [74] [75] [76]
Underfull \vbox (badness 10000) has occurred while \output is active []

 [77]
[78]
Package mdframed Info: mdframed works in twoside mode on input line 160.
 [79]
Package mdframed Info: Not enough space on this page on input line 161.
) [80]
\openout2 = `chapters/chapter-4.aux'.

 (./chapters/chapter-4.tex
Chapter 4.
Package mdframed Info: mdframed works in twoside mode on input line 22.

Overfull \hbox (0.39476pt too wide) in paragraph at lines 28--29
[]\OT1/cmr/m/n/12 The So-viet Union was thus pre-sented with an im-pos-si-ble s
et of choices:
 []

[81




] [82] [83]
> Step: init table outer spec.
> Step: parse table options.
> Step: split table.
> Step: init table inner spec.
> Step: parse table inner spec.
> Step: execute table commands.
> Step: calculate cell and line sizes.
> Step: build the whole table.
 [84]
Overfull \hbox (30.33884pt too wide) has occurred while \output is active
\OT1/cmr/m/sl/12 4.2.  THE ELEMENTS OF TECHNOLOGICAL STRATEGY: AN OVERVIEW \OT1
/cmr/m/n/12 85
 []

[85]
Underfull \vbox (badness 4752) has occurred while \output is active []

 [86]
Overfull \hbox (30.33884pt too wide) has occurred while \output is active
\OT1/cmr/m/sl/12 4.2.  THE ELEMENTS OF TECHNOLOGICAL STRATEGY: AN OVERVIEW \OT1
/cmr/m/n/12 87
 []

[87]
Package mdframed Info: mdframed works in twoside mode on input line 116.
 [88]
Package mdframed Info: mdframed works in twoside mode on input line 132.
<./images//./chart-11.png, id=341, 583.2189pt x 430.7292pt>
File: ./images//./chart-11.png Graphic file (type png)
<use ./images//./chart-11.png>
Package pdftex.def Info: ./images//./chart-11.png  used on input line 140.
(pdftex.def)             Requested size: 390.016pt x 288.04155pt.


LaTeX Warning: `!h' float specifier changed to `!ht'.

[89] [90 <./images//./chart-11.png>]
Underfull \vbox (badness 10000) has occurred while \output is active []

 [91]
Package mdframed Info: mdframed works in twoside mode on input line 169.

[92]
Package mdframed Info: mdframed works in twoside mode on input line 180.
 [93]
Package mdframed Info: mdframed works in twoside mode on input line 199.
 [94]
Underfull \vbox (badness 10000) has occurred while \output is active []

 [95]
<./images//./chart-12.png, id=367, 583.2189pt x 305.7021pt>
File: ./images//./chart-12.png Graphic file (type png)
<use ./images//./chart-12.png>
Package pdftex.def Info: ./images//./chart-12.png  used on input line 218.
(pdftex.def)             Requested size: 390.016pt x 204.43216pt.

[96 <./images//./chart-12.png>]
<./images//./chart-13.png, id=372, 510.2262pt x 364.9635pt>
File: ./images//./chart-13.png Graphic file (type png)
<use ./images//./chart-13.png>
Package pdftex.def Info: ./images//./chart-13.png  used on input line 236.
(pdftex.def)             Requested size: 390.00256pt x 278.96783pt.
 [97] [98 <./images//./chart-13.png>]
Package mdframed Info: mdframed works in twoside mode on input line 246.
<./images//./chart-14.png, id=380, 579.6054pt x 387.3672pt>
File: ./images//./chart-14.png Graphic file (type png)
<use ./images//./chart-14.png>
Package pdftex.def Info: ./images//./chart-14.png  used on input line 263.
(pdftex.def)             Requested size: 390.00513pt x 260.65181pt.
 [99]
[100 <./images//./chart-14.png>] [101] [102] [103] [104] [105] [106] [107]
[108]
Underfull \vbox (badness 10000) has occurred while \output is active []

 [109]
[110]
Underfull \vbox (badness 10000) has occurred while \output is active []

 [111]
[112] [113]) [114]
\openout2 = `chapters/chapter-5.aux'.

 (./chapters/chapter-5.tex
Chapter 5.
[115




]
Package mdframed Info: mdframed works in twoside mode on input line 27.

Underfull \vbox (badness 10000) has occurred while \output is active []

 [116]
Package mdframed Info: mdframed works in twoside mode on input line 43.

[117]
Package mdframed Info: mdframed works in twoside mode on input line 56.
 [118] [119] [120]
Overfull \hbox (2.44043pt too wide) has occurred while \output is active
\OT1/cmr/m/sl/12 5.4.  STRATEGIC SURPRISE THROUGH OPERATIONAL SURPRISE \OT1/cmr
/m/n/12 121
 []

[121] [122] [123]
Underfull \vbox (badness 10000) has occurred while \output is active []

 [124]
[125] [126] [127] [128] [129] [130] [131]) [132]
\openout2 = `chapters/chapter-6.aux'.

 (./chapters/chapter-6.tex
Chapter 6.
Package mdframed Info: mdframed works in twoside mode on input line 4.

Underfull \vbox (badness 10000) has occurred while \output is active []

 [133




]
[134] [135] [136] [137]
Package mdframed Info: mdframed works in twoside mode on input line 60.
 [138] [139]
Package mdframed Info: mdframed works in twoside mode on input line 82.
Package mdframed Info: mdframed works in twoside mode on input line 86.
Package mdframed Info: Box was splittet wrong
 starting loop to iterate the splitting point
(mdframed)              on input line 108.
 [140] [141] [142]
Package mdframed Info: mdframed works in twoside mode on input line 135.
 [143]
Package mdframed Info: mdframed works in twoside mode on input line 141.
 [144]
Package mdframed Info: mdframed works in twoside mode on input line 154.

Overfull \hbox (1.91954pt too wide) in paragraph at lines 174--175
[]\OT1/cmr/m/n/12 Active de-fenses will pre-serve more flex-i-ble means for car
-ry-ing out a counter
 []

[145] [146] [147] [148]
<./images//./fig-2.png, id=541, 543.4704pt x 306.4248pt>
File: ./images//./fig-2.png Graphic file (type png)
<use ./images//./fig-2.png>
Package pdftex.def Info: ./images//./fig-2.png  used on input line 227.
(pdftex.def)             Requested size: 389.99643pt x 219.8916pt.


LaTeX Warning: `!h' float specifier changed to `!ht'.

[149] [150 <./images//./fig-2.png>] [151] [152] [153] [154]
Package mdframed Info: mdframed works in twoside mode on input line 283.
Package mdframed Info: mdframed works in twoside mode on input line 293.
 [155]
> Step: init table outer spec.
> Step: parse table options.
> Step: split table.
> Step: init table inner spec.
> Step: parse table inner spec.
> Step: execute table commands.
> Step: calculate cell and line sizes.


Package tabularray Warning: Table width is too small, need 65.33353pt more!

> Step: build the whole table.
[156]
Package mdframed Info: mdframed works in twoside mode on input line 340.
Package mdframed Info: mdframed works in twoside mode on input line 348.


Package mdframed Warning: You got a bad break
(mdframed)                because the last box will be empty
(mdframed)                you have to change it manually
(mdframed)                by changing the text, the space
(mdframed)                or something else on input line 350.

[157]
Package mdframed Info: mdframed works in twoside mode on input line 354.
 [158]
Package mdframed Info: mdframed works in twoside mode on input line 369.
Package mdframed Info: mdframed works in twoside mode on input line 377.
 [159] [160] [161]
Package mdframed Info: mdframed works in twoside mode on input line 403.
 [162]) [163]
\openout2 = `chapters/chapter-7.aux'.

 (./chapters/chapter-7.tex [164




]
Chapter 7.
[165]
Underfull \vbox (badness 2495) has occurred while \output is active []

 [166]
[167] [168] [169] [170] [171]
Overfull \hbox (15.72766pt too wide) in paragraph at lines 106--106
[]\OT1/cmr/bx/n/17.28 The Shape of Things To Come: The Baruch
 []

[172] [173] [174] [175] [176] [177] [178] [179]
Overfull \hbox (8.32086pt too wide) in paragraph at lines 197--198
\OT1/cmr/m/n/12 ex-ten-sive, long-term ef-forts were de-voted to in-ter-na-tion
al ne-go-ti-a-tions, treaties,
 []

[180] [181]
Package mdframed Info: mdframed works in twoside mode on input line 217.
 [182] [183] [184] [185] [186] [187]
Overfull \hbox (8.32086pt too wide) in paragraph at lines 295--296
\OT1/cmr/m/n/12 ex-ten-sive, long-term ef-forts were de-voted to in-ter-na-tion
al ne-go-ti-a-tions, treaties,
 []

[188] [189] [190]) [191]
\openout2 = `chapters/chapter-8.aux'.

 (./chapters/chapter-8.tex [192




]
Chapter 8.
[193] [194] [195] [196]
Overfull \hbox (6.90652pt too wide) in paragraph at lines 50--51
\OT1/cmr/m/n/12 dol-lar air-craft de-signed for nu-clear weapons de-liv-ery. Si
m-i-larly, should counter-
 []

Package mdframed Info: mdframed works in twoside mode on input line 54.
[197] [198] [199] [200] [201]
Overfull \hbox (1.09413pt too wide) in paragraph at lines 117--118
[]\OT1/cmr/bx/n/12 REVOLUTION\OT1/cmr/m/n/12 : Re-cast-ing of the so-cial or-de
r, of-ten by vi-o-lent means. 
 []

<./images//./fig-3.jpg, id=712, 416.30531pt x 361.35pt>
File: ./images//./fig-3.jpg Graphic file (type jpg)
<use ./images//./fig-3.jpg>
Package pdftex.def Info: ./images//./fig-3.jpg  used on input line 125.
(pdftex.def)             Requested size: 341.01683pt x 296.00015pt.

LaTeX Warning: `!h' float specifier changed to `!ht'.

[202] [203 <./images//./fig-3.jpg>] [204] [205] [206] [207] [208] [209]
[210] [211]
Package mdframed Info: mdframed works in twoside mode on input line 222.
 [212] [213]
Overfull \hbox (25.02937pt too wide) in paragraph at lines 252--253
\OT1/cmr/m/n/12 lions for trib-ute, but not one fin-ger lifted against the Gods
" [**\TS1/cmr/m/n/12 ®\OT1/cmr/m/n/12 HUH??!!?!?!\TS1/cmr/m/n/12 ¯\OT1/cmr/m/n/
12 **].
 []

[214] [215] [216]
Package mdframed Info: mdframed works in twoside mode on input line 279.
 [217] [218] [219]
Package mdframed Info: mdframed works in twoside mode on input line 316.
 [220]
Package mdframed Info: Not enough space on this page on input line 318.
Package mdframed Info: mdframed works in twoside mode on input line 322.
 [221]) [222]
\openout2 = `chapters/chapter-9.aux'.


(./chapters/chapter-9.tex
Chapter 9.
[223




] [224] [225] [226]
Package mdframed Info: mdframed works in twoside mode on input line 43.
 [227]
Underfull \vbox (badness 10000) has occurred while \output is active []

 [228]
Package mdframed Info: mdframed works in twoside mode on input line 61.
Package mdframed Info: mdframed works in twoside mode on input line 67.
Package mdframed Info: mdframed works in twoside mode on input line 75.


Package mdframed Warning: You got a bad break
(mdframed)                because the last box will be empty
(mdframed)                you have to change it manually
(mdframed)                by changing the text, the space
(mdframed)                or something else on input line 77.

[229]
Package mdframed Info: mdframed works in twoside mode on input line 85.

Underfull \vbox (badness 1430) has occurred while \output is active []

 [230]
Underfull \vbox (badness 10000) has occurred while \output is active []

 [231]
Package mdframed Info: mdframed works in twoside mode on input line 110.

[232]
Package mdframed Info: mdframed works in twoside mode on input line 120.
 [233] [234] [235]) [236] (./strategy-of-technology.aux
(./chapters/preface.aux) (./chapters/chapter-1.aux) (./chapters/chapter-2.aux)
(./chapters/chapter-3.aux) (./chapters/chapter-4.aux) (./chapters/chapter-5.aux
) (./chapters/chapter-6.aux) (./chapters/chapter-7.aux)
(./chapters/chapter-8.aux) (./chapters/chapter-9.aux)) ) 
Here is how much of TeX's memory you used:
 19177 strings out of 480247
 408013 string characters out of 5896151
 772665 words of memory out of 5000000
 36715 multiletter control sequences out of 15000+600000
 479756 words of font info for 59 fonts, out of 8000000 for 9000
 14 hyphenation exceptions out of 8191
 109i,10n,127p,2034b,1002s stack positions out of 5000i,500n,10000p,200000b,80000s
 </home/operon/.texlive
2021/texmf-var/fonts/pk/ljfour/jknappen/ec/tcrm1200.600pk></usr/share/texlive/t
exmf-dist/fonts/type1/public/amsfonts/cm/cmbx12.pfb></usr/share/texlive/texmf-d
ist/fonts/type1/public/amsfonts/cm/cmr10.pfb></usr/share/texlive/texmf-dist/fon
ts/type1/public/amsfonts/cm/cmr12.pfb></usr/share/texlive/texmf-dist/fonts/type
1/public/amsfonts/cm/cmr17.pfb></usr/share/texlive/texmf-dist/fonts/type1/publi
c/amsfonts/cm/cmr7.pfb></usr/share/texlive/texmf-dist/fonts/type1/public/amsfon
ts/cm/cmr8.pfb></usr/share/texlive/texmf-dist/fonts/type1/public/amsfonts/cm/cm
sl12.pfb></usr/share/texlive/texmf-dist/fonts/type1/public/amsfonts/cm/cmti10.p
fb></usr/share/texlive/texmf-dist/fonts/type1/public/amsfonts/cm/cmti12.pfb>
Output written on strategy-of-technology.pdf (250 pages, 1059596 bytes).
PDF statistics:
 880 PDF objects out of 1000 (max. 8388607)
 588 compressed objects within 6 object streams
 0 named destinations out of 1000 (max. 500000)
 48 words of extra memory for PDF output out of 10000 (max. 10000000)

