This is pdfTeX, Version 3.141592653-2.6-1.40.22 (TeX Live 2022/dev/Debian) (preloaded format=pdflatex 2023.3.18)  18 MAR 2023 22:05
entering extended mode
 restricted \write18 enabled.
 %&-line parsing enabled.
**strat_of_tech.tex
(./strat_of_tech.tex
LaTeX2e <2021-11-15> patch level 1
L3 programming layer <2022-01-21>
(/usr/share/texlive/texmf-dist/tex/latex/base/book.cls
Document Class: book 2021/10/04 v1.4n Standard LaTeX document class
(/usr/share/texlive/texmf-dist/tex/latex/base/bk12.clo
File: bk12.clo 2021/10/04 v1.4n Standard LaTeX file (size option)
)
\c@part=\count185
\c@chapter=\count186
\c@section=\count187
\c@subsection=\count188
\c@subsubsection=\count189
\c@paragraph=\count190
\c@subparagraph=\count191
\c@figure=\count192
\c@table=\count193
\abovecaptionskip=\skip47
\belowcaptionskip=\skip48
\bibindent=\dimen138
)
(/usr/share/texlive/texmf-dist/tex/generic/babel/babel.sty
Package: babel 2022/01/26 3.70 The Babel package
\babel@savecnt=\count194
\U@D=\dimen139
\l@unhyphenated=\language3

(/usr/share/texlive/texmf-dist/tex/generic/babel/txtbabel.def)
\bbl@readstream=\read2
\bbl@dirlevel=\count195

(/usr/share/texlive/texmf-dist/tex/generic/babel-english/english.ldf
Language: english 2017/06/06 v3.3r English support from the babel system
Package babel Info: Hyphen rules for 'british' set to \l@english
(babel)             (\language0). Reported on input line 82.
Package babel Info: Hyphen rules for 'UKenglish' set to \l@english
(babel)             (\language0). Reported on input line 83.
Package babel Info: Hyphen rules for 'canadian' set to \l@english
(babel)             (\language0). Reported on input line 102.
Package babel Info: Hyphen rules for 'australian' set to \l@english
(babel)             (\language0). Reported on input line 105.
Package babel Info: Hyphen rules for 'newzealand' set to \l@english
(babel)             (\language0). Reported on input line 108.
))
(/usr/share/texlive/texmf-dist/tex/latex/enumitem/enumitem.sty
Package: enumitem 2019/06/20 v3.9 Customized lists
\enitkv@toks@=\toks16
\labelindent=\skip49
\enit@outerparindent=\dimen140
\enit@toks=\toks17
\enit@inbox=\box50
\enit@count@id=\count196
\enitdp@description=\count197
)
(/usr/share/texlive/texmf-dist/tex/latex/graphics/graphicx.sty
Package: graphicx 2021/09/16 v1.2d Enhanced LaTeX Graphics (DPC,SPQR)

(/usr/share/texlive/texmf-dist/tex/latex/graphics/keyval.sty
Package: keyval 2014/10/28 v1.15 key=value parser (DPC)
\KV@toks@=\toks18
)
(/usr/share/texlive/texmf-dist/tex/latex/graphics/graphics.sty
Package: graphics 2021/03/04 v1.4d Standard LaTeX Graphics (DPC,SPQR)

(/usr/share/texlive/texmf-dist/tex/latex/graphics/trig.sty
Package: trig 2021/08/11 v1.11 sin cos tan (DPC)
)
(/usr/share/texlive/texmf-dist/tex/latex/graphics-cfg/graphics.cfg
File: graphics.cfg 2016/06/04 v1.11 sample graphics configuration
)
Package graphics Info: Driver file: pdftex.def on input line 107.

(/usr/share/texlive/texmf-dist/tex/latex/graphics-def/pdftex.def
File: pdftex.def 2020/10/05 v1.2a Graphics/color driver for pdftex
))
\Gin@req@height=\dimen141
\Gin@req@width=\dimen142
)
(/usr/share/texlive/texmf-dist/tex/latex/l3backend/l3backend-pdftex.def
File: l3backend-pdftex.def 2022-01-12 L3 backend support: PDF output (pdfTeX)
\l__color_backend_stack_int=\count198
\l__pdf_internal_box=\box51
)
(./strat_of_tech.aux)
\openout1 = `strat_of_tech.aux'.

LaTeX Font Info:    Checking defaults for OML/cmm/m/it on input line 10.
LaTeX Font Info:    ... okay on input line 10.
LaTeX Font Info:    Checking defaults for OMS/cmsy/m/n on input line 10.
LaTeX Font Info:    ... okay on input line 10.
LaTeX Font Info:    Checking defaults for OT1/cmr/m/n on input line 10.
LaTeX Font Info:    ... okay on input line 10.
LaTeX Font Info:    Checking defaults for T1/cmr/m/n on input line 10.
LaTeX Font Info:    ... okay on input line 10.
LaTeX Font Info:    Checking defaults for TS1/cmr/m/n on input line 10.
LaTeX Font Info:    ... okay on input line 10.
LaTeX Font Info:    Checking defaults for OMX/cmex/m/n on input line 10.
LaTeX Font Info:    ... okay on input line 10.
LaTeX Font Info:    Checking defaults for U/cmr/m/n on input line 10.
LaTeX Font Info:    ... okay on input line 10.

(/usr/share/texlive/texmf-dist/tex/context/base/mkii/supp-pdf.mkii
[Loading MPS to PDF converter (version 2006.09.02).]
\scratchcounter=\count199
\scratchdimen=\dimen143
\scratchbox=\box52
\nofMPsegments=\count266
\nofMParguments=\count267
\everyMPshowfont=\toks19
\MPscratchCnt=\count268
\MPscratchDim=\dimen144
\MPnumerator=\count269
\makeMPintoPDFobject=\count270
\everyMPtoPDFconversion=\toks20
) (/usr/share/texlive/texmf-dist/tex/latex/epstopdf-pkg/epstopdf-base.sty
Package: epstopdf-base 2020-01-24 v2.11 Base part for package epstopdf
Package epstopdf-base Info: Redefining graphics rule for `.eps' on input line 4
85.

(/usr/share/texlive/texmf-dist/tex/latex/latexconfig/epstopdf-sys.cfg
File: epstopdf-sys.cfg 2010/07/13 v1.3 Configuration of (r)epstopdf for TeX Liv
e
))
[1


{/var/lib/texmf/fonts/map/pdftex/updmap/pdftex.map}] [2]
Chapter 1.
[3

] [4] [5] [6] [7] [8] [9]
LaTeX Font Info:    External font `cmex10' loaded for size
(Font)              <12> on input line 126.
LaTeX Font Info:    External font `cmex10' loaded for size
(Font)              <8> on input line 126.
LaTeX Font Info:    External font `cmex10' loaded for size
(Font)              <6> on input line 126.
LaTeX Font Info:    External font `cmex10' loaded for size
(Font)              <7> on input line 137.
LaTeX Font Info:    External font `cmex10' loaded for size
(Font)              <5> on input line 137.
 [10] [11] [12] [13] [14]
<./images//./fig-1.jpg, id=55, 481.04718pt x 295.1025pt>
File: ./images//./fig-1.jpg Graphic file (type jpg)
<use ./images//./fig-1.jpg>
Package pdftex.def Info: ./images//./fig-1.jpg  used on input line 188.
(pdftex.def)             Requested size: 390.00575pt x 239.25233pt.
 [15 <./images//./fig-1.jpg>] [16] [17] [18] [19] [20] [21] [22] [23] [24] [25]
 [26]
Chapter 2.
[27

] [28] [29] [30] [31] [32]
Underfull \vbox (badness 10000) has occurred while \output is active []

 [33]
[34] [35] [36] [37]
Overfull \hbox (2.41182pt too wide) in paragraph at lines 517--517
[]\OT1/cmr/bx/n/17.28 The Present As-sump-tions Gov-ern-ing U.S.
 []


Underfull \vbox (badness 5741) has occurred while \output is active []

 [38]
Underfull \hbox (badness 10000) in paragraph at lines 524--526

 []


Overfull \hbox (6.79999pt too wide) in paragraph at lines 527--538
[] 
 []


Overfull \hbox (173.50848pt too wide) has occurred while \output is active
\OT1/cmr/m/sl/12 2.8.  THE PRESENT ASSUMPTIONS GOVERNING U.S. CONDUCT OF THE TE
CHNOLOGICAL WAR \OT1/cmr/m/n/12 39
 []

[39] (./strat_of_tech.aux) ) 
Here is how much of TeX's memory you used:
 2595 strings out of 480247
 43429 string characters out of 5896151
 353117 words of memory out of 5000000
 20553 multiletter control sequences out of 15000+600000
 475155 words of font info for 47 fonts, out of 8000000 for 9000
 14 hyphenation exceptions out of 8191
 55i,8n,62p,1129b,295s stack positions out of 5000i,500n,10000p,200000b,80000s
 </home/operon/.texlive2021/texmf-var/fonts/pk/ljfo
ur/jknappen/ec/tcrm1200.600pk></usr/share/texlive/texmf-dist/fonts/type1/public
/amsfonts/cm/cmbx12.pfb></usr/share/texlive/texmf-dist/fonts/type1/public/amsfo
nts/cm/cmr10.pfb></usr/share/texlive/texmf-dist/fonts/type1/public/amsfonts/cm/
cmr12.pfb></usr/share/texlive/texmf-dist/fonts/type1/public/amsfonts/cm/cmr7.pf
b></usr/share/texlive/texmf-dist/fonts/type1/public/amsfonts/cm/cmr8.pfb></usr/
share/texlive/texmf-dist/fonts/type1/public/amsfonts/cm/cmsl12.pfb></usr/share/
texlive/texmf-dist/fonts/type1/public/amsfonts/cm/cmti12.pfb>
Output written on strat_of_tech.pdf (39 pages, 226044 bytes).
PDF statistics:
 174 PDF objects out of 1000 (max. 8388607)
 114 compressed objects within 2 object streams
 0 named destinations out of 1000 (max. 500000)
 6 words of extra memory for PDF output out of 10000 (max. 10000000)

